INFO:14:12:27 Selected port: COM1 - MOXA USB Serial Port (COM1)
INFO:14:12:55 Added machine with Itm Number: 1234
INFO:14:12:55 Selected machine: 1234
INFO:14:13:11 Added sensor with location: under
INFO:14:13:11 Selected sensor: under
INFO:14:13:15 Selected sensor: under
INFO:14:13:23 Temperature: 30.556602478027344
INFO:14:13:23 Distance: 1491.211669921875
INFO:14:13:23 Serial Number: 930
INFO:14:13:23 Article Number: 4314083
INFO:14:13:23 Software Version: 0.3a
INFO:14:13:23 Description: DT3009-S1,4-M20_OSS_LF          
INFO:14:13:23 Measuring Unit: μm
INFO:14:13:23 Measuring Range: 1400.0
INFO:14:13:23 Measuring Offset: 100.0
INFO:14:26:34 Selected port: COM1 - MOXA USB Serial Port (COM1)
INFO:14:26:56 Added machine with Itm Number: 45
INFO:14:26:56 Selected machine: Machine 1
INFO:14:27:16 Added sensor with location: under
INFO:14:27:34 Temperature: 30.591644287109375
INFO:14:27:34 Distance: 1491.211669921875
INFO:14:27:34 Serial Number: 930
INFO:14:27:34 Article Number: 4314083
INFO:14:27:34 Software Version: 0.3a
INFO:14:27:34 Description: DT3009-S1,4-M20_OSS_LF          
INFO:14:27:34 Measuring Unit: μm
INFO:14:27:34 Measuring Range: 1400.0
INFO:14:27:34 Measuring Offset: 100.0
INFO:14:28:04 Added sensor with location: over
INFO:14:28:18 Temperature: 30.550758361816406
INFO:14:28:18 Distance: 1491.211669921875
INFO:14:28:18 Serial Number: 930
INFO:14:28:18 Article Number: 4314083
INFO:14:28:18 Software Version: 0.3a
INFO:14:28:18 Description: DT3009-S1,4-M20_OSS_LF          
INFO:14:28:18 Measuring Unit: μm
INFO:14:28:18 Measuring Range: 1400.0
INFO:14:28:18 Measuring Offset: 100.0
INFO:14:28:45 Selected port: COM1 - MOXA USB Serial Port (COM1)
INFO:14:28:59 Added machine with Itm Number: er
INFO:14:28:59 Selected machine: er
INFO:14:29:06 Added sensor with location: over
INFO:14:29:06 Selected sensor: over
INFO:14:29:17 Temperature: 30.515716552734375
INFO:14:29:17 Distance: 1491.211669921875
INFO:14:29:17 Serial Number: 930
INFO:14:29:17 Article Number: 4314083
INFO:14:29:17 Software Version: 0.3a
INFO:14:29:17 Description: DT3009-S1,4-M20_OSS_LF          
INFO:14:29:17 Measuring Unit: μm
INFO:14:29:17 Measuring Range: 1400.0
INFO:14:29:17 Measuring Offset: 100.0
INFO:14:29:39 Added sensor with location: over
INFO:14:29:39 Selected sensor: over
INFO:14:29:53 Selected sensor: over
INFO:14:29:57 Selected sensor: over
INFO:14:30:22 Selected port: COM1 - MOXA USB Serial Port (COM1)
INFO:14:30:32 Added machine with Itm Number: 2
INFO:14:30:32 Selected machine: 2
INFO:14:30:38 Added sensor with location: under
INFO:14:30:38 Selected sensor: under
INFO:14:30:47 Temperature: 30.574127197265625
INFO:14:30:47 Distance: 1491.211669921875
INFO:14:30:47 Serial Number: 930
INFO:14:30:47 Article Number: 4314083
INFO:14:30:47 Software Version: 0.3a
INFO:14:30:47 Description: DT3009-S1,4-M20_OSS_LF          
INFO:14:30:47 Measuring Unit: μm
INFO:14:30:47 Measuring Range: 1400.0
INFO:14:30:47 Measuring Offset: 100.0
INFO:14:31:01 Added sensor with location: over
INFO:14:31:01 Selected sensor: over
INFO:14:31:06 Temperature: 30.52739715576172
INFO:14:31:06 Distance: 1491.211669921875
INFO:14:31:06 Serial Number: 930
INFO:14:31:06 Article Number: 4314083
INFO:14:31:06 Software Version: 0.3a
INFO:14:31:06 Description: DT3009-S1,4-M20_OSS_LF          
INFO:14:31:06 Measuring Unit: μm
INFO:14:31:06 Measuring Range: 1400.0
INFO:14:31:06 Measuring Offset: 100.0
INFO:14:31:09 Selected sensor: under
INFO:14:31:11 Selected sensor: over
INFO:14:31:13 Selected sensor: under
INFO:14:31:15 Selected sensor: over
INFO:14:31:18 Selected sensor: under
INFO:14:31:20 Selected sensor: over
INFO:14:31:21 Selected sensor: under
INFO:14:31:23 Selected sensor: over
INFO:14:31:24 Selected sensor: under
INFO:14:31:52 Added sensor with location: et sted
INFO:14:31:52 Selected sensor: et sted
INFO:14:32:15 Selected sensor: under
INFO:14:32:18 Selected sensor: over
INFO:14:32:20 Selected sensor: et sted
INFO:14:34:36 Selected port: COM1 - MOXA USB Serial Port (COM1)
INFO:14:34:50 Added machine with Itm Number: 4756
INFO:14:34:50 Selected machine: Machine 1
INFO:14:35:07 Added sensor with location: Over
INFO:14:35:07 Selected sensor: Over
INFO:14:35:15 Temperature: 30.381378173828125
INFO:14:35:15 Distance: 1491.211669921875
INFO:14:35:15 Serial Number: 930
INFO:14:35:15 Article Number: 4314083
INFO:14:35:15 Software Version: 0.3a
INFO:14:35:15 Description: DT3009-S1,4-M20_OSS_LF          
INFO:14:35:15 Measuring Unit: μm
INFO:14:35:15 Measuring Range: 1400.0
INFO:14:35:15 Measuring Offset: 100.0
INFO:14:35:25 Added sensor with location: Under
INFO:14:35:25 Selected sensor: Under
INFO:14:35:31 Temperature: 30.381378173828125
INFO:14:35:31 Distance: 1491.211669921875
INFO:14:35:31 Serial Number: 930
INFO:14:35:31 Article Number: 4314083
INFO:14:35:31 Software Version: 0.3a
INFO:14:35:31 Description: DT3009-S1,4-M20_OSS_LF          
INFO:14:35:31 Measuring Unit: μm
INFO:14:35:31 Measuring Range: 1400.0
INFO:14:35:31 Measuring Offset: 100.0
INFO:14:35:37 Selected sensor: Over
INFO:14:35:44 Selected sensor: Under
INFO:14:35:47 Selected sensor: Over
INFO:14:35:56 Selected sensor: Under
INFO:14:35:59 Selected sensor: Over
INFO:14:36:08 Temperature: 30.39305877685547
INFO:14:36:11 Selected sensor: Under
INFO:14:36:13 Selected sensor: Over
INFO:14:36:16 Selected sensor: Under
INFO:14:36:18 Selected sensor: Over
INFO:14:36:20 Temperature: 30.398902893066406
INFO:14:36:20 Distance: 1491.211669921875
INFO:14:36:20 Serial Number: 930
INFO:14:36:20 Article Number: 4314083
INFO:14:36:20 Software Version: 0.3a
INFO:14:36:20 Description: DT3009-S1,4-M20_OSS_LF          
INFO:14:36:20 Measuring Unit: μm
INFO:14:36:20 Measuring Range: 1400.0
INFO:14:36:20 Measuring Offset: 100.0
INFO:14:36:23 Selected sensor: Under
INFO:14:36:27 Selected sensor: Over
INFO:14:37:56 Selected port: COM1 - MOXA USB Serial Port (COM1)
INFO:14:40:18 Selected port: COM1 - MOXA USB Serial Port (COM1)
INFO:14:40:32 Selected machine: Machine 1
INFO:14:40:34 Selected sensor: Over
INFO:14:40:36 Selected sensor: Under
INFO:14:44:10 Selected port: COM1 - MOXA USB Serial Port (COM1)
INFO:14:44:24 list index out of range
INFO:14:44:24 list index out of range
INFO:14:44:24 list index out of range
INFO:14:44:24 list index out of range
INFO:14:44:24 list index out of range
INFO:14:44:24 list index out of range
INFO:14:44:24 list index out of range
INFO:14:44:24 list index out of range
INFO:14:44:24 list index out of range
INFO:14:45:06 Added machine with Itm Number: 865
INFO:14:45:06 Selected machine: Maskin en
INFO:14:45:23 Added sensor with location: Nede
INFO:14:45:23 Selected sensor: Nede
INFO:14:45:28 Temperature: 30.568283081054688
INFO:14:45:28 Distance: 1491.211669921875
INFO:14:45:28 Serial Number: 930
INFO:14:45:28 Article Number: 4314083
INFO:14:45:28 Software Version: 0.3a
INFO:14:45:28 Description: DT3009-S1,4-M20_OSS_LF          
INFO:14:45:28 Measuring Unit: μm
INFO:14:45:28 Measuring Range: 1400.0
INFO:14:45:28 Measuring Offset: 100.0
INFO:14:46:07 Added sensor with location: Oppe
INFO:14:46:07 Selected sensor: Oppe
INFO:14:46:11 Temperature: 30.60332489013672
INFO:14:46:11 Distance: 1491.211669921875
INFO:14:46:11 Serial Number: 930
INFO:14:46:11 Article Number: 4314083
INFO:14:46:11 Software Version: 0.3a
INFO:14:46:11 Description: DT3009-S1,4-M20_OSS_LF          
INFO:14:46:11 Measuring Unit: μm
INFO:14:46:11 Measuring Range: 1400.0
INFO:14:46:11 Measuring Offset: 100.0
INFO:14:46:14 Selected sensor: Nede
INFO:14:46:16 Selected sensor: Oppe
INFO:14:46:18 Selected sensor: Nede
INFO:14:46:21 Selected sensor: Oppe
INFO:14:46:24 Selected sensor: Nede
INFO:14:46:37 Added machine with Itm Number: 865
INFO:14:46:37 Selected machine: Maskin to
INFO:14:47:24 Added sensor with location: oppe
INFO:14:47:24 Selected sensor: oppe
INFO:14:47:27 Temperature: 30.673416137695312
INFO:14:47:27 Distance: 1491.211669921875
INFO:14:47:27 Serial Number: 930
INFO:14:47:27 Article Number: 4314083
INFO:14:47:27 Software Version: 0.3a
INFO:14:47:27 Description: DT3009-S1,4-M20_OSS_LF          
INFO:14:47:27 Measuring Unit: μm
INFO:14:47:27 Measuring Range: 1400.0
INFO:14:47:27 Measuring Offset: 100.0
INFO:14:47:33 Added sensor with location: nede
INFO:14:47:33 Selected sensor: nede
INFO:14:47:34 Temperature: 30.673416137695312
INFO:14:47:34 Distance: 1491.211669921875
INFO:14:47:34 Serial Number: 930
INFO:14:47:34 Article Number: 4314083
INFO:14:47:34 Software Version: 0.3a
INFO:14:47:34 Description: DT3009-S1,4-M20_OSS_LF          
INFO:14:47:34 Measuring Unit: μm
INFO:14:47:34 Measuring Range: 1400.0
INFO:14:47:34 Measuring Offset: 100.0
INFO:14:47:39 Selected sensor: oppe
INFO:14:47:42 Selected sensor: nede
INFO:14:47:47 Selected machine: Maskin en
INFO:14:47:49 Selected sensor: Nede
INFO:14:47:52 Selected sensor: Oppe
INFO:14:48:24 Selected machine: Maskin en
INFO:15:01:58 Selected port: COM1 - MOXA USB Serial Port (COM1)
INFO:15:12:01 Selected port: COM1 - MOXA USB Serial Port (COM1)
INFO:15:12:18 Added machine with Itm Number: 123
INFO:15:12:18 Selected machine: maskin en
INFO:15:12:31 Added sensor with location: Oppe
INFO:15:12:31 Selected sensor: Oppe
INFO:15:12:31 Temperature: 
INFO:15:12:31 Distance: 
INFO:15:12:31 Serial Number: 
INFO:15:12:31 SW Version: 
INFO:15:12:31 Article Number: 
INFO:15:12:31 Description: 
INFO:15:12:31 Address: 
INFO:15:12:31 Measuring Unit: 
INFO:15:12:31 Measuring Offset: 
INFO:15:12:31 Measuring Range: 
INFO:15:12:59 Temperature: 30.480674743652344
INFO:15:12:59 Distance: 1491.211669921875
INFO:15:12:59 Serial Number: 930
INFO:15:12:59 Article Number: 4314083
INFO:15:12:59 Software Version: 0.3a
INFO:15:12:59 Description: DT3009-S1,4-M20_OSS_LF          
INFO:15:12:59 Measuring Unit: μm
INFO:15:12:59 Measuring Range: 1400.0
INFO:15:12:59 Measuring Offset: 100.0
INFO:15:13:11 Added sensor with location: Nede
INFO:15:13:11 Selected sensor: Nede
INFO:15:13:11 Temperature: 
INFO:15:13:11 Distance: 
INFO:15:13:11 Serial Number: 
INFO:15:13:11 SW Version: 
INFO:15:13:11 Article Number: 
INFO:15:13:11 Description: 
INFO:15:13:11 Address: 
INFO:15:13:11 Measuring Unit: 
INFO:15:13:11 Measuring Offset: 
INFO:15:13:11 Measuring Range: 
INFO:15:13:16 Temperature: 30.45146942138672
INFO:15:13:16 Distance: 1491.211669921875
INFO:15:13:16 Serial Number: 930
INFO:15:13:16 Article Number: 4314083
INFO:15:13:16 Software Version: 0.3a
INFO:15:13:16 Description: DT3009-S1,4-M20_OSS_LF          
INFO:15:13:16 Measuring Unit: μm
INFO:15:13:16 Measuring Range: 1400.0
INFO:15:13:16 Measuring Offset: 100.0
INFO:15:13:22 Selected sensor: Oppe
INFO:15:13:22 Temperature: 30.480674743652344
INFO:15:13:22 Distance: 1491.211669921875
INFO:15:13:22 Serial Number: 930
INFO:15:13:22 SW Version: 0.3a
INFO:15:13:22 Article Number: 4314083
INFO:15:13:22 Description: DT3009-S1,4-M20_OSS_LF          
INFO:15:13:22 Address: 126
INFO:15:13:22 Measuring Unit: μm
INFO:15:13:22 Measuring Offset: 100.0
INFO:15:13:22 Measuring Range: 1400.0
INFO:15:15:20 Selected port: COM1 - MOXA USB Serial Port (COM1)
INFO:15:15:26 Added machine with Itm Number: asdfsdf
INFO:15:15:26 Selected machine: sdfsdf
INFO:15:15:31 Added sensor with location: grththth
INFO:15:15:31 Selected sensor: grththth
INFO:15:15:38 Temperature: 30.591644287109375
INFO:15:15:38 Distance: 1491.211669921875
INFO:15:15:38 Serial Number: 930
INFO:15:15:38 Article Number: 4314083
INFO:15:15:38 Software Version: 0.3a
INFO:15:15:38 Description: DT3009-S1,4-M20_OSS_LF          
INFO:15:15:38 Measuring Unit: μm
INFO:15:15:38 Measuring Range: 1400.0
INFO:15:15:38 Measuring Offset: 100.0
INFO:15:15:48 Added sensor with location: rthththth
INFO:15:15:48 Selected sensor: rthththth
INFO:15:15:51 Temperature: 30.626693725585938
INFO:15:15:51 Distance: 1491.211669921875
INFO:15:15:51 Serial Number: 930
INFO:15:15:51 Article Number: 4314083
INFO:15:15:51 Software Version: 0.3a
INFO:15:15:51 Description: DT3009-S1,4-M20_OSS_LF          
INFO:15:15:51 Measuring Unit: μm
INFO:15:15:51 Measuring Range: 1400.0
INFO:15:15:51 Measuring Offset: 100.0
INFO:15:15:58 Selected sensor: grththth
INFO:15:15:58 Temperature: 30.591644287109375
INFO:15:15:58 Distance: 1491.211669921875
INFO:15:15:58 Serial Number: 930
INFO:15:15:58 SW Version: 0.3a
INFO:15:15:58 Article Number: 4314083
INFO:15:15:58 Description: DT3009-S1,4-M20_OSS_LF          
INFO:15:15:58 Address: 126
INFO:15:15:58 Measuring Unit: μm
INFO:15:15:58 Measuring Offset: 100.0
INFO:15:15:58 Measuring Range: 1400.0
INFO:15:16:03 Selected sensor: rthththth
INFO:15:16:03 Temperature: 30.626693725585938
INFO:15:16:03 Distance: 1491.211669921875
INFO:15:16:03 Serial Number: 930
INFO:15:16:03 SW Version: 0.3a
INFO:15:16:03 Article Number: 4314083
INFO:15:16:03 Description: DT3009-S1,4-M20_OSS_LF          
INFO:15:16:03 Address: 126
INFO:15:16:03 Measuring Unit: μm
INFO:15:16:03 Measuring Offset: 100.0
INFO:15:16:03 Measuring Range: 1400.0
INFO:15:16:06 Selected sensor: grththth
INFO:15:16:06 Temperature: 30.591644287109375
INFO:15:16:06 Distance: 1491.211669921875
INFO:15:16:06 Serial Number: 930
INFO:15:16:06 SW Version: 0.3a
INFO:15:16:06 Article Number: 4314083
INFO:15:16:06 Description: DT3009-S1,4-M20_OSS_LF          
INFO:15:16:06 Address: 126
INFO:15:16:06 Measuring Unit: μm
INFO:15:16:06 Measuring Offset: 100.0
INFO:15:16:06 Measuring Range: 1400.0
INFO:15:16:17 Selected sensor: rthththth
INFO:15:16:17 Temperature: 30.626693725585938
INFO:15:16:17 Distance: 1491.211669921875
INFO:15:16:17 Serial Number: 930
INFO:15:16:17 SW Version: 0.3a
INFO:15:16:17 Article Number: 4314083
INFO:15:16:17 Description: DT3009-S1,4-M20_OSS_LF          
INFO:15:16:17 Address: 126
INFO:15:16:17 Measuring Unit: μm
INFO:15:16:17 Measuring Offset: 100.0
INFO:15:16:17 Measuring Range: 1400.0
INFO:15:16:20 Selected sensor: grththth
INFO:15:16:20 Temperature: 30.591644287109375
INFO:15:16:20 Distance: 1491.211669921875
INFO:15:16:20 Serial Number: 930
INFO:15:16:20 SW Version: 0.3a
INFO:15:16:20 Article Number: 4314083
INFO:15:16:20 Description: DT3009-S1,4-M20_OSS_LF          
INFO:15:16:20 Address: 126
INFO:15:16:20 Measuring Unit: μm
INFO:15:16:20 Measuring Offset: 100.0
INFO:15:16:20 Measuring Range: 1400.0
INFO:15:20:03 Selected port: COM1 - MOXA USB Serial Port (COM1)
INFO:15:20:13 Added machine with Itm Number: dfgdfg
INFO:15:20:13 Selected machine: dfgfdg
INFO:15:20:16 Added sensor with location: dfgfdg
INFO:15:20:16 Selected sensor: dfgfdg
INFO:15:20:19 Temperature: 30.539077758789062
INFO:15:20:19 Distance: 1491.211669921875
INFO:15:20:19 Serial Number: 930
INFO:15:20:19 Article Number: 4314083
INFO:15:20:19 Software Version: 0.3a
INFO:15:20:19 Description: 
INFO:15:20:19 Measuring Unit: μm
INFO:15:20:19 Measuring Range: 1400.0
INFO:15:20:19 Measuring Offset: 100.0
INFO:15:21:05 Selected port: COM1 - MOXA USB Serial Port (COM1)
INFO:15:21:13 Added machine with Itm Number: 2343
INFO:15:21:13 Selected machine: 23434
INFO:15:21:18 Added sensor with location: 23433434
INFO:15:21:18 Selected sensor: 23433434
INFO:15:21:25 Temperature: 30.568283081054688
INFO:15:21:25 Distance: 1491.211669921875
INFO:15:21:25 Serial Number: 930
INFO:15:21:25 Article Number: 4314083
INFO:15:21:25 Software Version: 0.3a
INFO:15:21:25 Description: DT3009-S1,4-M20_OSS_LF          
INFO:15:21:25 Measuring Unit: μm
INFO:15:21:25 Measuring Range: 1400.0
INFO:15:21:25 Measuring Offset: 100.0
INFO:15:21:43 Selected port: COM1 - MOXA USB Serial Port (COM1)
INFO:15:21:50 Added machine with Itm Number: 23434
INFO:15:21:50 Selected machine: 343243
INFO:15:21:52 Added sensor with location: 23434
INFO:15:21:52 Selected sensor: 23434
INFO:15:21:53 Temperature: 30.515716552734375
INFO:15:21:53 Distance: 1491.211669921875
INFO:15:21:53 Serial Number: 930
INFO:15:21:53 Article Number: 4314083
INFO:15:21:53 Software Version: 0.3a
INFO:15:21:53 Description: DT3009-S1,4-M20_OSS_LF          
INFO:15:21:53 Measuring Unit: μm
INFO:15:21:53 Measuring Range: 1400.0
INFO:15:21:53 Measuring Offset: 100.0
INFO:15:23:07 Selected port: COM1 - MOXA USB Serial Port (COM1)
INFO:15:23:15 Added machine with Itm Number: 4325435
INFO:15:23:15 Selected machine: 345345
INFO:15:23:19 Added sensor with location: 345345
INFO:15:23:19 Selected sensor: 345345
INFO:15:23:21 Temperature: 30.57996368408203
INFO:15:23:21 Distance: 1491.211669921875
INFO:15:23:21 Serial Number: 930
INFO:15:23:21 Article Number: 4314083
INFO:15:23:21 Software Version: 0.3a
INFO:15:23:21 Description: DT3009-S1,4-M20_OSS_LF
INFO:15:23:21 Measuring Unit: μm
INFO:15:23:21 Measuring Range: 1400.0
INFO:15:23:21 Measuring Offset: 100.0
INFO:15:24:25 Selected port: COM1 - MOXA USB Serial Port (COM1)
INFO:15:24:42 Added machine with Itm Number: Machine en
INFO:15:24:42 Selected machine: sadfsdf
INFO:15:24:47 Added sensor with location: sdfasdf
INFO:15:24:47 Selected sensor: sdfasdf
INFO:15:24:52 Temperature: 30.57996368408203
INFO:15:24:52 Distance: 1491.211669921875
INFO:15:24:52 Serial Number: 930
INFO:15:24:52 Article Number: 4314083
INFO:15:24:52 Software Version: 0.3a
INFO:15:24:52 Description: DT3009-S1,4-M20_OSS_LF
INFO:15:24:52 Measuring Unit: μm
INFO:15:24:52 Measuring Range: 1400.0
INFO:15:24:52 Measuring Offset: 100.0
INFO:15:25:19 Added sensor with location: lkjhkjlh
INFO:15:25:19 Selected sensor: lkjhkjlh
INFO:15:25:22 Temperature: 30.544921875
INFO:15:25:22 Distance: 1491.211669921875
INFO:15:25:22 Serial Number: 930
INFO:15:25:22 Article Number: 4314083
INFO:15:25:22 Software Version: 0.3a
INFO:15:25:22 Description: DT3009-S1,4-M20_OSS_LF
INFO:15:25:22 Measuring Unit: μm
INFO:15:25:22 Measuring Range: 1400.0
INFO:15:25:22 Measuring Offset: 100.0
INFO:15:25:25 Selected sensor: sdfasdf
INFO:15:25:25 Temperature: 30.57996368408203
INFO:15:25:25 Distance: 1491.211669921875
INFO:15:25:25 Serial Number: 930
INFO:15:25:25 SW Version: 0.3a
INFO:15:25:25 Article Number: 4314083
INFO:15:25:25 Description: DT3009-S1,4-M20_OSS_LF
INFO:15:25:25 Address: 126
INFO:15:25:25 Measuring Unit: μm
INFO:15:25:25 Measuring Offset: 100.0
INFO:15:25:25 Measuring Range: 1400.0
INFO:15:25:29 Selected sensor: lkjhkjlh
INFO:15:25:29 Temperature: 30.544921875
INFO:15:25:29 Distance: 1491.211669921875
INFO:15:25:29 Serial Number: 930
INFO:15:25:29 SW Version: 0.3a
INFO:15:25:29 Article Number: 4314083
INFO:15:25:29 Description: DT3009-S1,4-M20_OSS_LF
INFO:15:25:29 Address: 126
INFO:15:25:29 Measuring Unit: μm
INFO:15:25:29 Measuring Offset: 100.0
INFO:15:25:29 Measuring Range: 1400.0
INFO:15:25:49 Selected port: COM1 - MOXA USB Serial Port (COM1)
INFO:15:25:55 Added machine with Itm Number: ff
INFO:15:25:55 Selected machine: f
INFO:15:25:58 Added sensor with location: ffff
INFO:15:25:58 Selected sensor: ffff
INFO:15:25:58 

INFO:15:26:07 Temperature: 30.574127197265625
INFO:15:26:07 Distance: 1491.211669921875
INFO:15:26:07 Serial Number: 930
INFO:15:26:07 Article Number: 4314083
INFO:15:26:07 Software Version: 0.3a
INFO:15:26:07 Description: DT3009-S1,4-M20_OSS_LF
INFO:15:26:07 Measuring Unit: μm
INFO:15:26:07 Measuring Range: 1400.0
INFO:15:26:07 Measuring Offset: 100.0
INFO:15:26:08 Temperature: 30.574127197265625
INFO:15:26:08 Distance: 1491.211669921875
INFO:15:26:08 Serial Number: 930
INFO:15:26:08 Article Number: 4314083
INFO:15:26:08 Software Version: 0.3a
INFO:15:26:08 Description: DT3009-S1,4-M20_OSS_LF
INFO:15:26:08 Measuring Unit: μm
INFO:15:26:08 Measuring Range: 1400.0
INFO:15:26:08 Measuring Offset: 100.0
INFO:15:26:24 Added sensor with location: ggggg
INFO:15:26:24 Selected sensor: ggggg
INFO:15:26:24 

INFO:15:26:28 Temperature: 30.568283081054688
INFO:15:26:28 Distance: 1491.211669921875
INFO:15:26:28 Serial Number: 930
INFO:15:26:28 Article Number: 4314083
INFO:15:26:28 Software Version: 0.3a
INFO:15:26:28 Description: DT3009-S1,4-M20_OSS_LF
INFO:15:26:28 Measuring Unit: μm
INFO:15:26:28 Measuring Range: 1400.0
INFO:15:26:28 Measuring Offset: 100.0
INFO:15:26:30 Selected sensor: ffff
INFO:15:26:30 Temperature: 30.574127197265625
INFO:15:26:30 Distance: 1491.211669921875
INFO:15:26:30 Serial Number: 930
INFO:15:26:30 SW Version: 0.3a
INFO:15:26:30 Article Number: 4314083
INFO:15:26:30 Description: DT3009-S1,4-M20_OSS_LF
INFO:15:26:30 Address: 126
INFO:15:26:30 Measuring Unit: μm
INFO:15:26:30 Measuring Offset: 100.0
INFO:15:26:30 Measuring Range: 1400.0
INFO:15:26:30 

INFO:15:26:33 Selected sensor: ggggg
INFO:15:26:33 Temperature: 30.568283081054688
INFO:15:26:33 Distance: 1491.211669921875
INFO:15:26:33 Serial Number: 930
INFO:15:26:33 SW Version: 0.3a
INFO:15:26:33 Article Number: 4314083
INFO:15:26:33 Description: DT3009-S1,4-M20_OSS_LF
INFO:15:26:33 Address: 126
INFO:15:26:33 Measuring Unit: μm
INFO:15:26:33 Measuring Offset: 100.0
INFO:15:26:33 Measuring Range: 1400.0
INFO:15:26:33 

INFO:15:26:43 Selected sensor: ggggg
INFO:15:26:43 Temperature: 30.568283081054688
INFO:15:26:43 Distance: 1491.211669921875
INFO:15:26:43 Serial Number: 930
INFO:15:26:43 SW Version: 0.3a
INFO:15:26:43 Article Number: 4314083
INFO:15:26:43 Description: DT3009-S1,4-M20_OSS_LF
INFO:15:26:43 Address: 126
INFO:15:26:43 Measuring Unit: μm
INFO:15:26:43 Measuring Offset: 100.0
INFO:15:26:43 Measuring Range: 1400.0
INFO:15:26:43 

INFO:15:26:45 Selected sensor: ffff
INFO:15:26:45 Temperature: 30.574127197265625
INFO:15:26:45 Distance: 1491.211669921875
INFO:15:26:45 Serial Number: 930
INFO:15:26:45 SW Version: 0.3a
INFO:15:26:45 Article Number: 4314083
INFO:15:26:45 Description: DT3009-S1,4-M20_OSS_LF
INFO:15:26:45 Address: 126
INFO:15:26:45 Measuring Unit: μm
INFO:15:26:45 Measuring Offset: 100.0
INFO:15:26:45 Measuring Range: 1400.0
INFO:15:26:45 

INFO:15:26:47 Selected sensor: ggggg
INFO:15:26:47 Temperature: 30.568283081054688
INFO:15:26:47 Distance: 1491.211669921875
INFO:15:26:47 Serial Number: 930
INFO:15:26:47 SW Version: 0.3a
INFO:15:26:47 Article Number: 4314083
INFO:15:26:47 Description: DT3009-S1,4-M20_OSS_LF
INFO:15:26:47 Address: 126
INFO:15:26:47 Measuring Unit: μm
INFO:15:26:47 Measuring Offset: 100.0
INFO:15:26:47 Measuring Range: 1400.0
INFO:15:26:47 

INFO:15:26:49 Selected sensor: ffff
INFO:15:26:49 Temperature: 30.574127197265625
INFO:15:26:49 Distance: 1491.211669921875
INFO:15:26:49 Serial Number: 930
INFO:15:26:49 SW Version: 0.3a
INFO:15:26:49 Article Number: 4314083
INFO:15:26:49 Description: DT3009-S1,4-M20_OSS_LF
INFO:15:26:49 Address: 126
INFO:15:26:49 Measuring Unit: μm
INFO:15:26:49 Measuring Offset: 100.0
INFO:15:26:49 Measuring Range: 1400.0
INFO:15:26:49 

INFO:15:28:48 Selected port: COM1 - MOXA USB Serial Port (COM1)
INFO:15:28:56 Added machine with Itm Number: jhjh
INFO:15:28:56 Selected machine: jhjh
INFO:15:29:01 Added sensor with location: jhjhj
INFO:15:29:01 Selected sensor: jhjhj
INFO:15:29:08 Added sensor with location: mnmnm
INFO:15:29:08 Selected sensor: mnmnm
INFO:15:29:21 Temperature: 30.521560668945312
INFO:15:29:21 Distance: 1491.211669921875
INFO:15:29:21 Serial Number: 930
INFO:15:29:21 Article Number: 4314083
INFO:15:29:21 Software Version: 0.3a
INFO:15:29:21 Description: DT3009-S1,4-M20_OSS_LF
INFO:15:29:21 Measuring Unit: μm
INFO:15:29:21 Measuring Range: 1400.0
INFO:15:29:21 Measuring Offset: 100.0
INFO:15:29:23 Selected sensor: jhjhj
INFO:15:29:25 Temperature: 30.521560668945312
INFO:15:29:25 Distance: 1491.211669921875
INFO:15:29:25 Serial Number: 930
INFO:15:29:25 Article Number: 4314083
INFO:15:29:25 Software Version: 0.3a
INFO:15:29:25 Description: DT3009-S1,4-M20_OSS_LF
INFO:15:29:25 Measuring Unit: μm
INFO:15:29:25 Measuring Range: 1400.0
INFO:15:29:25 Measuring Offset: 100.0
INFO:15:29:27 Selected sensor: mnmnm
INFO:15:29:27 Temperature: 30.521560668945312
INFO:15:29:27 Distance: 1491.211669921875
INFO:15:29:27 Serial Number: 930
INFO:15:29:27 SW Version: 0.3a
INFO:15:29:27 Article Number: 4314083
INFO:15:29:27 Description: DT3009-S1,4-M20_OSS_LF
INFO:15:29:27 Address: 126
INFO:15:29:27 Measuring Unit: μm
INFO:15:29:27 Measuring Offset: 100.0
INFO:15:29:27 Measuring Range: 1400.0
INFO:15:29:30 Selected sensor: jhjhj
INFO:15:29:30 Temperature: 30.521560668945312
INFO:15:29:30 Distance: 1491.211669921875
INFO:15:29:30 Serial Number: 930
INFO:15:29:30 SW Version: 0.3a
INFO:15:29:30 Article Number: 4314083
INFO:15:29:30 Description: DT3009-S1,4-M20_OSS_LF
INFO:15:29:30 Address: 126
INFO:15:29:30 Measuring Unit: μm
INFO:15:29:30 Measuring Offset: 100.0
INFO:15:29:30 Measuring Range: 1400.0
INFO:15:29:32 Selected sensor: mnmnm
INFO:15:29:32 Temperature: 30.521560668945312
INFO:15:29:32 Distance: 1491.211669921875
INFO:15:29:32 Serial Number: 930
INFO:15:29:32 SW Version: 0.3a
INFO:15:29:32 Article Number: 4314083
INFO:15:29:32 Description: DT3009-S1,4-M20_OSS_LF
INFO:15:29:32 Address: 126
INFO:15:29:32 Measuring Unit: μm
INFO:15:29:32 Measuring Offset: 100.0
INFO:15:29:32 Measuring Range: 1400.0
INFO:15:29:34 Selected sensor: jhjhj
INFO:15:29:34 Temperature: 30.521560668945312
INFO:15:29:34 Distance: 1491.211669921875
INFO:15:29:34 Serial Number: 930
INFO:15:29:34 SW Version: 0.3a
INFO:15:29:34 Article Number: 4314083
INFO:15:29:34 Description: DT3009-S1,4-M20_OSS_LF
INFO:15:29:34 Address: 126
INFO:15:29:34 Measuring Unit: μm
INFO:15:29:34 Measuring Offset: 100.0
INFO:15:29:34 Measuring Range: 1400.0
INFO:15:29:36 Selected sensor: mnmnm
INFO:15:29:36 Temperature: 30.521560668945312
INFO:15:29:36 Distance: 1491.211669921875
INFO:15:29:36 Serial Number: 930
INFO:15:29:36 SW Version: 0.3a
INFO:15:29:36 Article Number: 4314083
INFO:15:29:36 Description: DT3009-S1,4-M20_OSS_LF
INFO:15:29:36 Address: 126
INFO:15:29:36 Measuring Unit: μm
INFO:15:29:36 Measuring Offset: 100.0
INFO:15:29:36 Measuring Range: 1400.0
INFO:15:29:37 Selected sensor: jhjhj
INFO:15:29:37 Temperature: 30.521560668945312
INFO:15:29:37 Distance: 1491.211669921875
INFO:15:29:37 Serial Number: 930
INFO:15:29:37 SW Version: 0.3a
INFO:15:29:37 Article Number: 4314083
INFO:15:29:37 Description: DT3009-S1,4-M20_OSS_LF
INFO:15:29:37 Address: 126
INFO:15:29:37 Measuring Unit: μm
INFO:15:29:37 Measuring Offset: 100.0
INFO:15:29:37 Measuring Range: 1400.0
INFO:15:29:39 Selected sensor: mnmnm
INFO:15:29:39 Temperature: 30.521560668945312
INFO:15:29:39 Distance: 1491.211669921875
INFO:15:29:39 Serial Number: 930
INFO:15:29:39 SW Version: 0.3a
INFO:15:29:39 Article Number: 4314083
INFO:15:29:39 Description: DT3009-S1,4-M20_OSS_LF
INFO:15:29:39 Address: 126
INFO:15:29:39 Measuring Unit: μm
INFO:15:29:39 Measuring Offset: 100.0
INFO:15:29:39 Measuring Range: 1400.0
INFO:15:29:51 Selected sensor: jhjhj
INFO:15:29:51 Temperature: 30.521560668945312
INFO:15:29:51 Distance: 1491.211669921875
INFO:15:29:51 Serial Number: 930
INFO:15:29:51 SW Version: 0.3a
INFO:15:29:51 Article Number: 4314083
INFO:15:29:51 Description: DT3009-S1,4-M20_OSS_LF
INFO:15:29:51 Address: 126
INFO:15:29:51 Measuring Unit: μm
INFO:15:29:51 Measuring Offset: 100.0
INFO:15:29:51 Measuring Range: 1400.0
INFO:15:30:03 Selected port: COM1 - MOXA USB Serial Port (COM1)
INFO:15:30:12 Added machine with Itm Number: jhjh
INFO:15:30:12 Selected machine: jhjh
INFO:15:36:54 Selected port: COM1 - MOXA USB Serial Port (COM1)
INFO:15:36:59 Added machine with Itm Number: sdf
INFO:15:36:59 Selected machine: sdf
INFO:15:37:02 Added sensor with location: sdf
INFO:15:37:02 Selected sensor: sdf
INFO:15:37:03 Temperature: 30.468994140625
INFO:15:37:05 Distance: 1491.211669921875
INFO:15:37:05 Serial Number: 930
INFO:15:37:07 Software Version: 0.3a
INFO:15:37:08 Temperature: 30.480674743652344
INFO:15:37:08 Distance: 1491.211669921875
INFO:15:37:08 Serial Number: 930
INFO:15:37:08 Article Number: 4314083
INFO:15:37:08 Software Version: 0.3a
INFO:15:37:08 Description: DT3009-S1,4-M20_OSS_LF
INFO:15:37:08 Measuring Unit: μm
INFO:15:37:08 Measuring Range: 1400.0
INFO:15:37:08 Measuring Offset: 100.0
INFO:15:37:08 Temperature: 30.48651123046875
INFO:15:37:08 Distance: 1491.211669921875
INFO:15:37:08 Serial Number: 930
INFO:15:37:08 Article Number: 4314083
INFO:15:37:08 Software Version: 0.3a
INFO:15:37:08 Description: DT3009-S1,4-M20_OSS_LF
INFO:15:37:08 Measuring Unit: μm
INFO:15:37:08 Measuring Range: 1400.0
INFO:15:37:08 Measuring Offset: 100.0
INFO:15:37:09 Temperature: 30.48651123046875
INFO:15:37:09 Distance: 1491.211669921875
INFO:15:37:09 Serial Number: 930
INFO:15:37:09 Article Number: 4314083
INFO:15:37:09 Software Version: 0.3a
INFO:15:37:09 Description: DT3009-S1,4-M20_OSS_LF
INFO:15:37:09 Measuring Unit: μm
INFO:15:37:09 Measuring Range: 1400.0
INFO:15:37:09 Measuring Offset: 100.0
INFO:15:37:09 Temperature: 30.48651123046875
INFO:15:37:09 Distance: 1491.211669921875
INFO:15:37:09 Serial Number: 930
INFO:15:37:09 Article Number: 4314083
INFO:15:37:09 Software Version: 0.3a
INFO:15:37:09 Description: DT3009-S1,4-M20_OSS_LF
INFO:15:37:09 Measuring Unit: μm
INFO:15:37:09 Measuring Range: 1400.0
INFO:15:37:09 Measuring Offset: 100.0
INFO:15:37:09 Temperature: 30.48651123046875
INFO:15:37:09 Distance: 1491.211669921875
INFO:15:37:09 Serial Number: 930
INFO:15:37:09 Article Number: 4314083
INFO:15:37:09 Software Version: 0.3a
INFO:15:37:09 Description: DT3009-S1,4-M20_OSS_LF
INFO:15:37:09 Measuring Unit: μm
INFO:15:37:09 Measuring Range: 1400.0
INFO:15:37:09 Measuring Offset: 100.0
INFO:15:37:09 Temperature: 30.48651123046875
INFO:15:37:09 Distance: 1491.211669921875
INFO:15:37:09 Serial Number: 930
INFO:15:37:09 Article Number: 4314083
INFO:15:37:09 Software Version: 0.3a
INFO:15:37:09 Description: DT3009-S1,4-M20_OSS_LF
INFO:15:37:09 Measuring Unit: μm
INFO:15:37:09 Measuring Range: 1400.0
INFO:15:37:09 Measuring Offset: 100.0
INFO:15:37:09 Temperature: 30.48651123046875
INFO:15:37:09 Distance: 1491.211669921875
INFO:15:37:09 Serial Number: 930
INFO:15:37:09 Article Number: 4314083
INFO:15:37:09 Software Version: 0.3a
INFO:15:37:09 Description: DT3009-S1,4-M20_OSS_LF
INFO:15:37:09 Measuring Unit: μm
INFO:15:37:09 Measuring Range: 1400.0
INFO:15:37:09 Measuring Offset: 100.0
INFO:15:37:10 Temperature: 30.48651123046875
INFO:15:37:10 Distance: 1491.211669921875
INFO:15:37:10 Serial Number: 930
INFO:15:37:10 Article Number: 4314083
INFO:15:37:10 Software Version: 0.3a
INFO:15:37:10 Description: DT3009-S1,4-M20_OSS_LF
INFO:15:37:10 Measuring Unit: μm
INFO:15:37:10 Measuring Range: 1400.0
INFO:15:37:10 Measuring Offset: 100.0
INFO:15:37:10 Temperature: 30.48651123046875
INFO:15:37:10 Distance: 1491.211669921875
INFO:15:37:10 Serial Number: 930
INFO:15:37:10 Article Number: 4314083
INFO:15:37:10 Software Version: 0.3a
INFO:15:37:10 Description: DT3009-S1,4-M20_OSS_LF
INFO:15:37:10 Measuring Unit: μm
INFO:15:37:10 Measuring Range: 1400.0
INFO:15:37:10 Measuring Offset: 100.0
INFO:15:37:10 Temperature: 30.48651123046875
INFO:15:37:10 Distance: 1491.211669921875
INFO:15:37:10 Serial Number: 930
INFO:15:37:10 Article Number: 4314083
INFO:15:37:10 Software Version: 0.3a
INFO:15:37:10 Description: DT3009-S1,4-M20_OSS_LF
INFO:15:37:10 Measuring Unit: μm
INFO:15:37:10 Measuring Range: 1400.0
INFO:15:37:10 Measuring Offset: 100.0
INFO:15:37:10 Temperature: 30.48651123046875
INFO:15:37:10 Distance: 1491.211669921875
INFO:15:37:10 Serial Number: 930
INFO:15:37:10 Article Number: 4314083
INFO:15:37:10 Software Version: 0.3a
INFO:15:37:10 Description: DT3009-S1,4-M20_OSS_LF
INFO:15:37:10 Measuring Unit: μm
INFO:15:37:10 Measuring Range: 1400.0
INFO:15:37:10 Measuring Offset: 100.0
INFO:15:37:10 Temperature: 30.48651123046875
INFO:15:37:10 Distance: 1491.211669921875
INFO:15:37:10 Serial Number: 930
INFO:15:37:10 Article Number: 4314083
INFO:15:37:10 Software Version: 0.3a
INFO:15:37:10 Description: DT3009-S1,4-M20_OSS_LF
INFO:15:37:10 Measuring Unit: μm
INFO:15:37:10 Measuring Range: 1400.0
INFO:15:37:10 Measuring Offset: 100.0
INFO:15:37:10 Temperature: 30.48651123046875
INFO:15:37:10 Distance: 1491.211669921875
INFO:15:37:10 Serial Number: 930
INFO:15:37:10 Article Number: 4314083
INFO:15:37:10 Software Version: 0.3a
INFO:15:37:10 Description: DT3009-S1,4-M20_OSS_LF
INFO:15:37:10 Measuring Unit: μm
INFO:15:37:10 Measuring Range: 1400.0
INFO:15:37:10 Measuring Offset: 100.0
INFO:15:37:11 Temperature: 30.492355346679688
INFO:15:37:11 Distance: 1491.211669921875
INFO:15:37:11 Serial Number: 930
INFO:15:37:11 Article Number: 4314083
INFO:15:37:11 Software Version: 0.3a
INFO:15:37:11 Description: DT3009-S1,4-M20_OSS_LF
INFO:15:37:11 Measuring Unit: μm
INFO:15:37:11 Measuring Range: 1400.0
INFO:15:37:11 Measuring Offset: 100.0
INFO:15:37:11 Temperature: 30.492355346679688
INFO:15:37:11 Distance: 1491.211669921875
INFO:15:37:11 Serial Number: 930
INFO:15:37:11 Article Number: 4314083
INFO:15:37:11 Software Version: 0.3a
INFO:15:37:11 Description: DT3009-S1,4-M20_OSS_LF
INFO:15:37:11 Measuring Unit: μm
INFO:15:37:11 Measuring Range: 1400.0
INFO:15:37:11 Measuring Offset: 100.0
INFO:15:37:11 Temperature: 30.492355346679688
INFO:15:37:11 Distance: 1491.211669921875
INFO:15:37:11 Serial Number: 930
INFO:15:37:11 Article Number: 4314083
INFO:15:37:11 Software Version: 0.3a
INFO:15:37:11 Description: DT3009-S1,4-M20_OSS_LF
INFO:15:37:11 Measuring Unit: μm
INFO:15:37:11 Measuring Range: 1400.0
INFO:15:37:11 Measuring Offset: 100.0
INFO:15:37:11 Temperature: 30.492355346679688
INFO:15:37:11 Distance: 1491.211669921875
INFO:15:37:11 Serial Number: 930
INFO:15:37:11 Article Number: 4314083
INFO:15:37:11 Software Version: 0.3a
INFO:15:37:11 Description: DT3009-S1,4-M20_OSS_LF
INFO:15:37:11 Measuring Unit: μm
INFO:15:37:11 Measuring Range: 1400.0
INFO:15:37:11 Measuring Offset: 100.0
INFO:15:37:11 Temperature: 30.492355346679688
INFO:15:37:11 Distance: 1491.211669921875
INFO:15:37:11 Serial Number: 930
INFO:15:37:11 Article Number: 4314083
INFO:15:37:11 Software Version: 0.3a
INFO:15:37:11 Description: DT3009-S1,4-M20_OSS_LF
INFO:15:37:11 Measuring Unit: μm
INFO:15:37:11 Measuring Range: 1400.0
INFO:15:37:11 Measuring Offset: 100.0
INFO:15:37:11 Temperature: 30.492355346679688
INFO:15:37:11 Distance: 1491.211669921875
INFO:15:37:11 Serial Number: 930
INFO:15:37:11 Article Number: 4314083
INFO:15:37:11 Software Version: 0.3a
INFO:15:37:11 Description: DT3009-S1,4-M20_OSS_LF
INFO:15:37:11 Measuring Unit: μm
INFO:15:37:11 Measuring Range: 1400.0
INFO:15:37:11 Measuring Offset: 100.0
INFO:15:37:12 Temperature: 30.492355346679688
INFO:15:37:12 Distance: 1491.211669921875
INFO:15:37:12 Serial Number: 930
INFO:15:37:12 Article Number: 4314083
INFO:15:37:12 Software Version: 0.3a
INFO:15:37:12 Description: DT3009-S1,4-M20_OSS_LF
INFO:15:37:12 Measuring Unit: μm
INFO:15:37:12 Measuring Range: 1400.0
INFO:15:37:12 Measuring Offset: 100.0
INFO:15:37:12 Temperature: 30.492355346679688
INFO:15:37:12 Distance: 1491.211669921875
INFO:15:37:12 Serial Number: 930
INFO:15:37:12 Article Number: 4314083
INFO:15:37:12 Software Version: 0.3a
INFO:15:37:12 Description: DT3009-S1,4-M20_OSS_LF
INFO:15:37:12 Measuring Unit: μm
INFO:15:37:12 Measuring Range: 1400.0
INFO:15:37:12 Measuring Offset: 100.0
INFO:15:37:12 Temperature: 30.492355346679688
INFO:15:37:12 Distance: 1491.211669921875
INFO:15:37:12 Serial Number: 930
INFO:15:37:12 Article Number: 4314083
INFO:15:37:12 Software Version: 0.3a
INFO:15:37:12 Description: DT3009-S1,4-M20_OSS_LF
INFO:15:37:12 Measuring Unit: μm
INFO:15:37:12 Measuring Range: 1400.0
INFO:15:37:12 Measuring Offset: 100.0
INFO:15:37:13 Temperature: 30.498191833496094
INFO:15:37:13 Distance: 1491.211669921875
INFO:15:37:13 Serial Number: 930
INFO:15:37:13 Article Number: 4314083
INFO:15:37:13 Software Version: 0.3a
INFO:15:37:13 Description: DT3009-S1,4-M20_OSS_LF
INFO:15:37:13 Measuring Unit: μm
INFO:15:37:13 Measuring Range: 1400.0
INFO:15:37:13 Measuring Offset: 100.0
INFO:15:37:14 Temperature: 30.498191833496094
INFO:15:37:14 Distance: 1491.211669921875
INFO:15:37:14 Serial Number: 930
INFO:15:37:14 Article Number: 4314083
INFO:15:37:14 Software Version: 0.3a
INFO:15:37:14 Description: DT3009-S1,4-M20_OSS_LF
INFO:15:37:14 Measuring Unit: μm
INFO:15:37:14 Measuring Range: 1400.0
INFO:15:37:14 Measuring Offset: 100.0
INFO:15:37:14 Temperature: 30.498191833496094
INFO:15:37:14 Distance: 1491.211669921875
INFO:15:37:14 Serial Number: 930
INFO:15:37:14 Article Number: 4314083
INFO:15:37:14 Software Version: 0.3a
INFO:15:37:14 Description: DT3009-S1,4-M20_OSS_LF
INFO:15:37:14 Measuring Unit: μm
INFO:15:37:14 Measuring Range: 1400.0
INFO:15:37:14 Measuring Offset: 100.0
